<?xml version="1.0" encoding="UTF-8"?>
<coverage generated="1758091996385" clover="3.2.0">
  <project timestamp="1758091996385" name="All files">
    <metrics statements="92" coveredstatements="90" conditionals="29" coveredconditionals="26" methods="32" coveredmethods="30" elements="153" coveredelements="146" complexity="0" loc="92" ncloc="92" packages="4" files="7" classes="7"/>
    <package name="components.common">
      <metrics statements="15" coveredstatements="15" conditionals="6" coveredconditionals="6" methods="5" coveredmethods="5"/>
      <file name="ErrorBoundary.tsx" path="C:\Users\FAISAL\Downloads\limitless_infotech_solution_website\src\components\common\ErrorBoundary.tsx">
        <metrics statements="11" coveredstatements="11" conditionals="6" coveredconditionals="6" methods="4" coveredmethods="4"/>
        <line num="3" count="1" type="stmt"/>
        <line num="4" count="1" type="stmt"/>
        <line num="16" count="14" type="stmt"/>
        <line num="22" count="14" type="stmt"/>
        <line num="26" count="7" type="stmt"/>
        <line num="33" count="1" type="stmt"/>
        <line num="37" count="30" type="cond" truecount="2" falsecount="0"/>
        <line num="38" count="15" type="cond" truecount="2" falsecount="0"/>
        <line num="39" count="2" type="stmt"/>
        <line num="76" count="15" type="stmt"/>
        <line num="80" count="8" type="stmt"/>
      </file>
      <file name="Logo.tsx" path="C:\Users\FAISAL\Downloads\limitless_infotech_solution_website\src\components\common\Logo.tsx">
        <metrics statements="4" coveredstatements="4" conditionals="0" coveredconditionals="0" methods="1" coveredmethods="1"/>
        <line num="1" count="1" type="stmt"/>
        <line num="2" count="1" type="stmt"/>
        <line num="4" count="1" type="stmt"/>
        <line num="33" count="2" type="stmt"/>
      </file>
    </package>
    <package name="components.ui">
      <metrics statements="28" coveredstatements="26" conditionals="11" coveredconditionals="8" methods="10" coveredmethods="9"/>
      <file name="LoadingSpinner.tsx" path="C:\Users\FAISAL\Downloads\limitless_infotech_solution_website\src\components\ui\LoadingSpinner.tsx">
        <metrics statements="4" coveredstatements="4" conditionals="0" coveredconditionals="0" methods="1" coveredmethods="1"/>
        <line num="1" count="1" type="stmt"/>
        <line num="2" count="1" type="stmt"/>
        <line num="4" count="1" type="stmt"/>
        <line num="26" count="2" type="stmt"/>
      </file>
      <file name="Toast.tsx" path="C:\Users\FAISAL\Downloads\limitless_infotech_solution_website\src\components\ui\Toast.tsx">
        <metrics statements="24" coveredstatements="22" conditionals="11" coveredconditionals="8" methods="9" coveredmethods="8"/>
        <line num="1" count="1" type="stmt"/>
        <line num="2" count="1" type="stmt"/>
        <line num="3" count="1" type="stmt"/>
        <line num="16" count="1" type="stmt"/>
        <line num="24" count="12" type="stmt"/>
        <line num="26" count="12" type="stmt"/>
        <line num="27" count="10" type="cond" truecount="2" falsecount="0"/>
        <line num="28" count="9" type="stmt"/>
        <line num="29" count="1" type="stmt"/>
        <line num="30" count="1" type="stmt"/>
        <line num="33" count="9" type="stmt"/>
        <line num="37" count="12" type="stmt"/>
        <line num="38" count="10" type="cond" truecount="0" falsecount="1"/>
        <line num="48" count="0" type="stmt"/>
        <line num="52" count="12" type="stmt"/>
        <line num="53" count="10" type="cond" truecount="4" falsecount="1"/>
        <line num="55" count="7" type="stmt"/>
        <line num="57" count="1" type="stmt"/>
        <line num="59" count="1" type="stmt"/>
        <line num="61" count="1" type="stmt"/>
        <line num="63" count="0" type="stmt"/>
        <line num="95" count="1" type="stmt"/>
        <line num="96" count="1" type="stmt"/>
        <line num="111" count="10" type="stmt"/>
      </file>
    </package>
    <package name="hooks">
      <metrics statements="43" coveredstatements="43" conditionals="8" coveredconditionals="8" methods="17" coveredmethods="16"/>
      <file name="useTheme.ts" path="C:\Users\FAISAL\Downloads\limitless_infotech_solution_website\src\hooks\useTheme.ts">
        <metrics statements="22" coveredstatements="22" conditionals="8" coveredconditionals="8" methods="6" coveredmethods="5"/>
        <line num="1" count="1" type="stmt"/>
        <line num="5" count="16" type="stmt"/>
        <line num="6" count="16" type="stmt"/>
        <line num="8" count="16" type="stmt"/>
        <line num="9" count="6" type="stmt"/>
        <line num="10" count="6" type="cond" truecount="2" falsecount="0"/>
        <line num="11" count="5" type="stmt"/>
        <line num="15" count="16" type="stmt"/>
        <line num="16" count="14" type="stmt"/>
        <line num="18" count="14" type="stmt"/>
        <line num="19" count="14" type="cond" truecount="2" falsecount="0"/>
        <line num="20" count="7" type="cond" truecount="2" falsecount="0"/>
        <line num="21" count="7" type="stmt"/>
        <line num="23" count="7" type="stmt"/>
        <line num="27" count="14" type="stmt"/>
        <line num="28" count="14" type="stmt"/>
        <line num="30" count="14" type="cond" truecount="2" falsecount="0"/>
        <line num="31" count="7" type="stmt"/>
        <line num="32" count="7" type="stmt"/>
        <line num="33" count="7" type="stmt"/>
        <line num="34" count="7" type="stmt"/>
        <line num="38" count="16" type="stmt"/>
      </file>
      <file name="useToast.ts" path="C:\Users\FAISAL\Downloads\limitless_infotech_solution_website\src\hooks\useToast.ts">
        <metrics statements="21" coveredstatements="21" conditionals="0" coveredconditionals="0" methods="11" coveredmethods="11"/>
        <line num="1" count="1" type="stmt"/>
        <line num="12" count="16" type="stmt"/>
        <line num="13" count="16" type="stmt"/>
        <line num="15" count="16" type="stmt"/>
        <line num="21" count="10" type="stmt"/>
        <line num="22" count="10" type="stmt"/>
        <line num="30" count="10" type="stmt"/>
        <line num="32" count="10" type="stmt"/>
        <line num="35" count="16" type="stmt"/>
        <line num="36" count="1" type="stmt"/>
        <line num="39" count="16" type="stmt"/>
        <line num="40" count="1" type="stmt"/>
        <line num="44" count="16" type="stmt"/>
        <line num="45" count="2" type="stmt"/>
        <line num="48" count="16" type="stmt"/>
        <line num="49" count="1" type="stmt"/>
        <line num="52" count="16" type="stmt"/>
        <line num="53" count="1" type="stmt"/>
        <line num="56" count="16" type="stmt"/>
        <line num="57" count="1" type="stmt"/>
        <line num="60" count="16" type="stmt"/>
      </file>
    </package>
    <package name="lib">
      <metrics statements="6" coveredstatements="6" conditionals="4" coveredconditionals="4" methods="0" coveredmethods="0"/>
      <file name="supabaseClient.ts" path="C:\Users\FAISAL\Downloads\limitless_infotech_solution_website\src\lib\supabaseClient.ts">
        <metrics statements="6" coveredstatements="6" conditionals="4" coveredconditionals="4" methods="0" coveredmethods="0"/>
        <line num="1" count="4" type="stmt"/>
        <line num="5" count="4" type="stmt"/>
        <line num="6" count="4" type="stmt"/>
        <line num="8" count="4" type="cond" truecount="4" falsecount="0"/>
        <line num="9" count="3" type="stmt"/>
        <line num="13" count="1" type="stmt"/>
      </file>
    </package>
  </project>
</coverage>
