{"C:\\Users\\FAISAL\\Downloads\\limitless_infotech_solution_website\\src\\components\\common\\ErrorBoundary.tsx": {"path":"C:\\Users\\FAISAL\\Downloads\\limitless_infotech_solution_website\\src\\components\\common\\ErrorBoundary.tsx","statementMap":{"0":{"start":{"line":80,"column":0},"end":{"line":80,"column":15}},"1":{"start":{"line":3,"column":55},"end":{"line":3,"column":null}},"2":{"start":{"line":4,"column":41},"end":{"line":4,"column":null}},"3":{"start":{"line":22,"column":4},"end":{"line":22,"column":null}},"4":{"start":{"line":26,"column":4},"end":{"line":26,"column":null}},"5":{"start":{"line":37,"column":4},"end":{"line":74,"column":null}},"6":{"start":{"line":38,"column":6},"end":{"line":40,"column":null}},"7":{"start":{"line":39,"column":8},"end":{"line":39,"column":null}},"8":{"start":{"line":76,"column":4},"end":{"line":76,"column":null}},"9":{"start":{"line":16,"column":0},"end":{"line":34,"column":null}},"10":{"start":{"line":33,"column":4},"end":{"line":33,"column":null}},"11":{"start":{"line":80,"column":15},"end":{"line":80,"column":null}}},"fnMap":{"0":{"name":"(anonymous_4)","decl":{"start":{"line":21,"column":2},"end":{"line":21,"column":16}},"loc":{"start":{"line":21,"column":62},"end":{"line":23,"column":null}}},"1":{"name":"(anonymous_5)","decl":{"start":{"line":25,"column":9},"end":{"line":25,"column":27}},"loc":{"start":{"line":25,"column":63},"end":{"line":30,"column":null}}},"2":{"name":"(anonymous_6)","decl":{"start":{"line":36,"column":9},"end":{"line":36,"column":18}},"loc":{"start":{"line":36,"column":18},"end":{"line":77,"column":null}}},"3":{"name":"(anonymous_8)","decl":{"start":{"line":32,"column":24},"end":{"line":32,"column":null}},"loc":{"start":{"line":32,"column":24},"end":{"line":34,"column":null}}}},"branchMap":{"0":{"loc":{"start":{"line":37,"column":4},"end":{"line":74,"column":null}},"type":"if","locations":[{"start":{"line":37,"column":4},"end":{"line":74,"column":null}},{"start":{},"end":{}}]},"1":{"loc":{"start":{"line":38,"column":6},"end":{"line":40,"column":null}},"type":"if","locations":[{"start":{"line":38,"column":6},"end":{"line":40,"column":null}},{"start":{},"end":{}}]},"2":{"loc":{"start":{"line":54,"column":13},"end":{"line":54,"column":55}},"type":"binary-expr","locations":[{"start":{"line":54,"column":13},"end":{"line":54,"column":55}},{"start":{"line":54,"column":55},"end":{"line":54,"column":71}}]}},"s":{"0":8,"1":1,"2":1,"3":14,"4":7,"5":30,"6":15,"7":2,"8":15,"9":14,"10":1,"11":1},"f":{"0":14,"1":7,"2":30,"3":1},"b":{"0":[15,15],"1":[2,13],"2":[13,2]}}
,"C:\\Users\\FAISAL\\Downloads\\limitless_infotech_solution_website\\src\\components\\common\\Logo.tsx": {"path":"C:\\Users\\FAISAL\\Downloads\\limitless_infotech_solution_website\\src\\components\\common\\Logo.tsx","statementMap":{"0":{"start":{"line":33,"column":0},"end":{"line":33,"column":15}},"1":{"start":{"line":1,"column":18},"end":{"line":1,"column":null}},"2":{"start":{"line":2,"column":17},"end":{"line":2,"column":null}},"3":{"start":{"line":4,"column":47},"end":{"line":31,"column":null}},"4":{"start":{"line":33,"column":15},"end":{"line":33,"column":null}}},"fnMap":{"0":{"name":"(anonymous_2)","decl":{"start":{"line":4,"column":47},"end":{"line":4,"column":48}},"loc":{"start":{"line":4,"column":61},"end":{"line":31,"column":null}}}},"branchMap":{},"s":{"0":2,"1":1,"2":1,"3":1,"4":1},"f":{"0":2},"b":{}}
,"C:\\Users\\FAISAL\\Downloads\\limitless_infotech_solution_website\\src\\components\\ui\\LoadingSpinner.tsx": {"path":"C:\\Users\\FAISAL\\Downloads\\limitless_infotech_solution_website\\src\\components\\ui\\LoadingSpinner.tsx","statementMap":{"0":{"start":{"line":26,"column":0},"end":{"line":26,"column":15}},"1":{"start":{"line":1,"column":18},"end":{"line":1,"column":null}},"2":{"start":{"line":2,"column":23},"end":{"line":2,"column":null}},"3":{"start":{"line":4,"column":33},"end":{"line":24,"column":null}},"4":{"start":{"line":26,"column":15},"end":{"line":26,"column":null}}},"fnMap":{"0":{"name":"(anonymous_2)","decl":{"start":{"line":4,"column":33},"end":{"line":4,"column":null}},"loc":{"start":{"line":4,"column":33},"end":{"line":24,"column":null}}}},"branchMap":{},"s":{"0":2,"1":1,"2":1,"3":1,"4":1},"f":{"0":2},"b":{}}
,"C:\\Users\\FAISAL\\Downloads\\limitless_infotech_solution_website\\src\\components\\ui\\Toast.tsx": {"path":"C:\\Users\\FAISAL\\Downloads\\limitless_infotech_solution_website\\src\\components\\ui\\Toast.tsx","statementMap":{"0":{"start":{"line":111,"column":0},"end":{"line":111,"column":15}},"1":{"start":{"line":1,"column":43},"end":{"line":1,"column":null}},"2":{"start":{"line":2,"column":40},"end":{"line":2,"column":null}},"3":{"start":{"line":3,"column":65},"end":{"line":3,"column":null}},"4":{"start":{"line":16,"column":36},"end":{"line":109,"column":null}},"5":{"start":{"line":24,"column":36},"end":{"line":24,"column":null}},"6":{"start":{"line":26,"column":2},"end":{"line":35,"column":null}},"7":{"start":{"line":27,"column":4},"end":{"line":34,"column":null}},"8":{"start":{"line":28,"column":20},"end":{"line":31,"column":null}},"9":{"start":{"line":29,"column":8},"end":{"line":29,"column":null}},"10":{"start":{"line":30,"column":8},"end":{"line":30,"column":44}},"11":{"start":{"line":30,"column":25},"end":{"line":30,"column":38}},"12":{"start":{"line":33,"column":6},"end":{"line":33,"column":null}},"13":{"start":{"line":33,"column":19},"end":{"line":33,"column":null}},"14":{"start":{"line":37,"column":18},"end":{"line":50,"column":null}},"15":{"start":{"line":38,"column":4},"end":{"line":49,"column":null}},"16":{"start":{"line":48,"column":8},"end":{"line":48,"column":null}},"17":{"start":{"line":52,"column":29},"end":{"line":65,"column":null}},"18":{"start":{"line":53,"column":4},"end":{"line":64,"column":null}},"19":{"start":{"line":55,"column":8},"end":{"line":55,"column":null}},"20":{"start":{"line":57,"column":8},"end":{"line":57,"column":null}},"21":{"start":{"line":59,"column":8},"end":{"line":59,"column":null}},"22":{"start":{"line":61,"column":8},"end":{"line":61,"column":null}},"23":{"start":{"line":63,"column":8},"end":{"line":63,"column":null}},"24":{"start":{"line":95,"column":20},"end":{"line":95,"column":null}},"25":{"start":{"line":96,"column":20},"end":{"line":96,"column":null}},"26":{"start":{"line":96,"column":37},"end":{"line":96,"column":50}},"27":{"start":{"line":111,"column":15},"end":{"line":111,"column":null}}},"fnMap":{"0":{"name":"(anonymous_4)","decl":{"start":{"line":16,"column":36},"end":{"line":16,"column":37}},"loc":{"start":{"line":23,"column":1},"end":{"line":109,"column":null}}},"1":{"name":"(anonymous_5)","decl":{"start":{"line":26,"column":12},"end":{"line":26,"column":null}},"loc":{"start":{"line":26,"column":12},"end":{"line":35,"column":5}}},"2":{"name":"(anonymous_6)","decl":{"start":{"line":28,"column":31},"end":{"line":28,"column":null}},"loc":{"start":{"line":28,"column":31},"end":{"line":31,"column":9}}},"3":{"name":"(anonymous_7)","decl":{"start":{"line":30,"column":19},"end":{"line":30,"column":25}},"loc":{"start":{"line":30,"column":25},"end":{"line":30,"column":38}}},"4":{"name":"(anonymous_8)","decl":{"start":{"line":33,"column":13},"end":{"line":33,"column":19}},"loc":{"start":{"line":33,"column":19},"end":{"line":33,"column":null}}},"5":{"name":"(anonymous_9)","decl":{"start":{"line":37,"column":18},"end":{"line":37,"column":null}},"loc":{"start":{"line":37,"column":18},"end":{"line":50,"column":null}}},"6":{"name":"(anonymous_10)","decl":{"start":{"line":52,"column":29},"end":{"line":52,"column":null}},"loc":{"start":{"line":52,"column":29},"end":{"line":65,"column":null}}},"7":{"name":"(anonymous_11)","decl":{"start":{"line":94,"column":27},"end":{"line":94,"column":null}},"loc":{"start":{"line":94,"column":27},"end":{"line":97,"column":null}}},"8":{"name":"(anonymous_12)","decl":{"start":{"line":96,"column":31},"end":{"line":96,"column":37}},"loc":{"start":{"line":96,"column":37},"end":{"line":96,"column":50}}}},"branchMap":{"0":{"loc":{"start":{"line":21,"column":2},"end":{"line":21,"column":17}},"type":"default-arg","locations":[{"start":{"line":21,"column":13},"end":{"line":21,"column":17}}]},"1":{"loc":{"start":{"line":27,"column":4},"end":{"line":34,"column":null}},"type":"if","locations":[{"start":{"line":27,"column":4},"end":{"line":34,"column":null}},{"start":{},"end":{}}]},"2":{"loc":{"start":{"line":38,"column":4},"end":{"line":49,"column":null}},"type":"switch","locations":[{"start":{"line":47,"column":6},"end":{"line":48,"column":null}}]},"3":{"loc":{"start":{"line":53,"column":4},"end":{"line":64,"column":null}},"type":"switch","locations":[{"start":{"line":54,"column":6},"end":{"line":55,"column":null}},{"start":{"line":56,"column":6},"end":{"line":57,"column":null}},{"start":{"line":58,"column":6},"end":{"line":59,"column":null}},{"start":{"line":60,"column":6},"end":{"line":61,"column":null}},{"start":{"line":62,"column":6},"end":{"line":63,"column":null}}]},"4":{"loc":{"start":{"line":69,"column":7},"end":{"line":69,"column":null}},"type":"binary-expr","locations":[{"start":{"line":69,"column":7},"end":{"line":69,"column":null}}]},"5":{"loc":{"start":{"line":86,"column":17},"end":{"line":86,"column":null}},"type":"binary-expr","locations":[{"start":{"line":86,"column":17},"end":{"line":86,"column":null}}]}},"s":{"0":10,"1":1,"2":1,"3":1,"4":1,"5":12,"6":12,"7":10,"8":9,"9":1,"10":1,"11":1,"12":9,"13":9,"14":12,"15":10,"16":0,"17":12,"18":10,"19":7,"20":1,"21":1,"22":1,"23":0,"24":1,"25":1,"26":0,"27":1},"f":{"0":12,"1":10,"2":1,"3":1,"4":9,"5":10,"6":10,"7":1,"8":0},"b":{"0":[0],"1":[9,1],"2":[0],"3":[7,1,1,1,0],"4":[12],"5":[10]}}
,"C:\\Users\\FAISAL\\Downloads\\limitless_infotech_solution_website\\src\\hooks\\useTheme.ts": {"path":"C:\\Users\\FAISAL\\Downloads\\limitless_infotech_solution_website\\src\\hooks\\useTheme.ts","statementMap":{"0":{"start":{"line":5,"column":13},"end":{"line":5,"column":24}},"1":{"start":{"line":1,"column":36},"end":{"line":1,"column":null}},"2":{"start":{"line":5,"column":24},"end":{"line":39,"column":null}},"3":{"start":{"line":6,"column":28},"end":{"line":6,"column":null}},"4":{"start":{"line":8,"column":2},"end":{"line":13,"column":null}},"5":{"start":{"line":9,"column":19},"end":{"line":9,"column":null}},"6":{"start":{"line":10,"column":4},"end":{"line":12,"column":null}},"7":{"start":{"line":11,"column":6},"end":{"line":11,"column":null}},"8":{"start":{"line":15,"column":2},"end":{"line":36,"column":null}},"9":{"start":{"line":16,"column":17},"end":{"line":16,"column":48}},"10":{"start":{"line":18,"column":23},"end":{"line":25,"column":null}},"11":{"start":{"line":19,"column":6},"end":{"line":24,"column":null}},"12":{"start":{"line":20,"column":28},"end":{"line":20,"column":null}},"13":{"start":{"line":21,"column":8},"end":{"line":21,"column":null}},"14":{"start":{"line":23,"column":8},"end":{"line":23,"column":null}},"15":{"start":{"line":27,"column":4},"end":{"line":27,"column":null}},"16":{"start":{"line":28,"column":4},"end":{"line":28,"column":null}},"17":{"start":{"line":30,"column":4},"end":{"line":35,"column":null}},"18":{"start":{"line":31,"column":25},"end":{"line":31,"column":null}},"19":{"start":{"line":32,"column":27},"end":{"line":32,"column":null}},"20":{"start":{"line":32,"column":33},"end":{"line":32,"column":null}},"21":{"start":{"line":33,"column":6},"end":{"line":33,"column":null}},"22":{"start":{"line":34,"column":6},"end":{"line":34,"column":null}},"23":{"start":{"line":34,"column":19},"end":{"line":34,"column":null}},"24":{"start":{"line":38,"column":2},"end":{"line":38,"column":null}}},"fnMap":{"0":{"name":"(anonymous_1)","decl":{"start":{"line":5,"column":24},"end":{"line":5,"column":null}},"loc":{"start":{"line":5,"column":24},"end":{"line":39,"column":null}}},"1":{"name":"(anonymous_2)","decl":{"start":{"line":8,"column":12},"end":{"line":8,"column":null}},"loc":{"start":{"line":8,"column":12},"end":{"line":13,"column":5}}},"2":{"name":"(anonymous_3)","decl":{"start":{"line":15,"column":12},"end":{"line":15,"column":null}},"loc":{"start":{"line":15,"column":12},"end":{"line":36,"column":5}}},"3":{"name":"(anonymous_4)","decl":{"start":{"line":18,"column":23},"end":{"line":18,"column":24}},"loc":{"start":{"line":18,"column":24},"end":{"line":25,"column":null}}},"4":{"name":"(anonymous_5)","decl":{"start":{"line":32,"column":27},"end":{"line":32,"column":33}},"loc":{"start":{"line":32,"column":33},"end":{"line":32,"column":null}}},"5":{"name":"(anonymous_6)","decl":{"start":{"line":34,"column":13},"end":{"line":34,"column":19}},"loc":{"start":{"line":34,"column":19},"end":{"line":34,"column":null}}}},"branchMap":{"0":{"loc":{"start":{"line":10,"column":4},"end":{"line":12,"column":null}},"type":"if","locations":[{"start":{"line":10,"column":4},"end":{"line":12,"column":null}},{"start":{},"end":{}}]},"1":{"loc":{"start":{"line":19,"column":6},"end":{"line":24,"column":null}},"type":"if","locations":[{"start":{"line":19,"column":6},"end":{"line":24,"column":null}},{"start":{"line":22,"column":13},"end":{"line":24,"column":null}}]},"2":{"loc":{"start":{"line":20,"column":28},"end":{"line":20,"column":null}},"type":"cond-expr","locations":[{"start":{"line":20,"column":88},"end":{"line":20,"column":97}},{"start":{"line":20,"column":97},"end":{"line":20,"column":null}}]},"3":{"loc":{"start":{"line":30,"column":4},"end":{"line":35,"column":null}},"type":"if","locations":[{"start":{"line":30,"column":4},"end":{"line":35,"column":null}},{"start":{},"end":{}}]}},"s":{"0":16,"1":1,"2":1,"3":16,"4":16,"5":6,"6":6,"7":5,"8":16,"9":14,"10":14,"11":14,"12":7,"13":7,"14":7,"15":14,"16":14,"17":14,"18":7,"19":7,"20":0,"21":7,"22":7,"23":7,"24":16},"f":{"0":16,"1":6,"2":14,"3":14,"4":0,"5":7},"b":{"0":[5,1],"1":[7,7],"2":[3,4],"3":[7,7]}}
,"C:\\Users\\FAISAL\\Downloads\\limitless_infotech_solution_website\\src\\hooks\\useToast.ts": {"path":"C:\\Users\\FAISAL\\Downloads\\limitless_infotech_solution_website\\src\\hooks\\useToast.ts","statementMap":{"0":{"start":{"line":12,"column":13},"end":{"line":12,"column":24}},"1":{"start":{"line":1,"column":38},"end":{"line":1,"column":null}},"2":{"start":{"line":12,"column":24},"end":{"line":70,"column":null}},"3":{"start":{"line":13,"column":30},"end":{"line":13,"column":null}},"4":{"start":{"line":15,"column":19},"end":{"line":33,"column":null}},"5":{"start":{"line":21,"column":15},"end":{"line":21,"column":79}},"6":{"start":{"line":22,"column":32},"end":{"line":28,"column":null}},"7":{"start":{"line":30,"column":4},"end":{"line":30,"column":null}},"8":{"start":{"line":30,"column":22},"end":{"line":30,"column":null}},"9":{"start":{"line":32,"column":4},"end":{"line":32,"column":null}},"10":{"start":{"line":35,"column":22},"end":{"line":37,"column":null}},"11":{"start":{"line":36,"column":4},"end":{"line":36,"column":null}},"12":{"start":{"line":36,"column":22},"end":{"line":36,"column":null}},"13":{"start":{"line":36,"column":43},"end":{"line":36,"column":null}},"14":{"start":{"line":39,"column":25},"end":{"line":41,"column":null}},"15":{"start":{"line":40,"column":4},"end":{"line":40,"column":null}},"16":{"start":{"line":44,"column":18},"end":{"line":46,"column":null}},"17":{"start":{"line":45,"column":4},"end":{"line":45,"column":null}},"18":{"start":{"line":48,"column":16},"end":{"line":50,"column":null}},"19":{"start":{"line":49,"column":4},"end":{"line":49,"column":null}},"20":{"start":{"line":52,"column":18},"end":{"line":54,"column":null}},"21":{"start":{"line":53,"column":4},"end":{"line":53,"column":null}},"22":{"start":{"line":56,"column":15},"end":{"line":58,"column":null}},"23":{"start":{"line":57,"column":4},"end":{"line":57,"column":null}},"24":{"start":{"line":60,"column":2},"end":{"line":69,"column":null}}},"fnMap":{"0":{"name":"(anonymous_1)","decl":{"start":{"line":12,"column":24},"end":{"line":12,"column":null}},"loc":{"start":{"line":12,"column":24},"end":{"line":70,"column":null}}},"1":{"name":"(anonymous_2)","decl":{"start":{"line":15,"column":31},"end":{"line":15,"column":null}},"loc":{"start":{"line":19,"column":4},"end":{"line":33,"column":5}}},"2":{"name":"(anonymous_3)","decl":{"start":{"line":30,"column":14},"end":{"line":30,"column":22}},"loc":{"start":{"line":30,"column":22},"end":{"line":30,"column":null}}},"3":{"name":"(anonymous_4)","decl":{"start":{"line":35,"column":34},"end":{"line":35,"column":35}},"loc":{"start":{"line":35,"column":35},"end":{"line":37,"column":5}}},"4":{"name":"(anonymous_5)","decl":{"start":{"line":36,"column":14},"end":{"line":36,"column":22}},"loc":{"start":{"line":36,"column":22},"end":{"line":36,"column":null}}},"5":{"name":"(anonymous_6)","decl":{"start":{"line":36,"column":34},"end":{"line":36,"column":43}},"loc":{"start":{"line":36,"column":43},"end":{"line":36,"column":null}}},"6":{"name":"(anonymous_7)","decl":{"start":{"line":39,"column":37},"end":{"line":39,"column":null}},"loc":{"start":{"line":39,"column":37},"end":{"line":41,"column":5}}},"7":{"name":"(anonymous_8)","decl":{"start":{"line":44,"column":30},"end":{"line":44,"column":31}},"loc":{"start":{"line":44,"column":64},"end":{"line":46,"column":5}}},"8":{"name":"(anonymous_9)","decl":{"start":{"line":48,"column":28},"end":{"line":48,"column":29}},"loc":{"start":{"line":48,"column":62},"end":{"line":50,"column":5}}},"9":{"name":"(anonymous_10)","decl":{"start":{"line":52,"column":30},"end":{"line":52,"column":31}},"loc":{"start":{"line":52,"column":64},"end":{"line":54,"column":5}}},"10":{"name":"(anonymous_11)","decl":{"start":{"line":56,"column":27},"end":{"line":56,"column":28}},"loc":{"start":{"line":56,"column":61},"end":{"line":58,"column":5}}}},"branchMap":{},"s":{"0":16,"1":1,"2":1,"3":16,"4":16,"5":10,"6":10,"7":10,"8":10,"9":10,"10":16,"11":1,"12":1,"13":1,"14":16,"15":1,"16":16,"17":2,"18":16,"19":1,"20":16,"21":1,"22":16,"23":1,"24":16},"f":{"0":16,"1":10,"2":10,"3":1,"4":1,"5":1,"6":1,"7":2,"8":1,"9":1,"10":1},"b":{}}
,"C:\\Users\\FAISAL\\Downloads\\limitless_infotech_solution_website\\src\\lib\\supabaseClient.ts": {"path":"C:\\Users\\FAISAL\\Downloads\\limitless_infotech_solution_website\\src\\lib\\supabaseClient.ts","statementMap":{"0":{"start":{"line":13,"column":13},"end":{"line":13,"column":24}},"1":{"start":{"line":1,"column":29},"end":{"line":1,"column":null}},"2":{"start":{"line":5,"column":20},"end":{"line":5,"column":65}},"3":{"start":{"line":6,"column":24},"end":{"line":6,"column":65}},"4":{"start":{"line":8,"column":0},"end":{"line":10,"column":null}},"5":{"start":{"line":9,"column":2},"end":{"line":9,"column":null}},"6":{"start":{"line":13,"column":24},"end":{"line":17,"column":null}}},"fnMap":{},"branchMap":{"0":{"loc":{"start":{"line":8,"column":0},"end":{"line":10,"column":null}},"type":"if","locations":[{"start":{"line":8,"column":0},"end":{"line":10,"column":null}},{"start":{},"end":{}}]},"1":{"loc":{"start":{"line":8,"column":4},"end":{"line":8,"column":38}},"type":"binary-expr","locations":[{"start":{"line":8,"column":4},"end":{"line":8,"column":20}},{"start":{"line":8,"column":20},"end":{"line":8,"column":38}}]}},"s":{"0":1,"1":4,"2":4,"3":4,"4":4,"5":3,"6":1},"f":{},"b":{"0":[3,1],"1":[4,2]}}
}
