TN:
SF:src\components\common\ErrorBoundary.tsx
FN:21,(anonymous_4)
FN:25,(anonymous_5)
FN:36,(anonymous_6)
FN:32,(anonymous_8)
FNF:4
FNH:4
FNDA:14,(anonymous_4)
FNDA:7,(anonymous_5)
FNDA:30,(anonymous_6)
FNDA:1,(anonymous_8)
DA:3,1
DA:4,1
DA:16,14
DA:22,14
DA:26,7
DA:33,1
DA:37,30
DA:38,15
DA:39,2
DA:76,15
DA:80,8
LF:11
LH:11
BRDA:37,0,0,15
BRDA:37,0,1,15
BRDA:38,1,0,2
BRDA:38,1,1,13
BRDA:54,2,0,13
BRDA:54,2,1,2
BRF:6
BRH:6
end_of_record
TN:
SF:src\components\common\Logo.tsx
FN:4,(anonymous_2)
FNF:1
FNH:1
FNDA:2,(anonymous_2)
DA:1,1
DA:2,1
DA:4,1
DA:33,2
LF:4
LH:4
BRF:0
BRH:0
end_of_record
TN:
SF:src\components\ui\LoadingSpinner.tsx
FN:4,(anonymous_2)
FNF:1
FNH:1
FNDA:2,(anonymous_2)
DA:1,1
DA:2,1
DA:4,1
DA:26,2
LF:4
LH:4
BRF:0
BRH:0
end_of_record
TN:
SF:src\components\ui\Toast.tsx
FN:16,(anonymous_4)
FN:26,(anonymous_5)
FN:28,(anonymous_6)
FN:30,(anonymous_7)
FN:33,(anonymous_8)
FN:37,(anonymous_9)
FN:52,(anonymous_10)
FN:94,(anonymous_11)
FN:96,(anonymous_12)
FNF:9
FNH:8
FNDA:12,(anonymous_4)
FNDA:10,(anonymous_5)
FNDA:1,(anonymous_6)
FNDA:1,(anonymous_7)
FNDA:9,(anonymous_8)
FNDA:10,(anonymous_9)
FNDA:10,(anonymous_10)
FNDA:1,(anonymous_11)
FNDA:0,(anonymous_12)
DA:1,1
DA:2,1
DA:3,1
DA:16,1
DA:24,12
DA:26,12
DA:27,10
DA:28,9
DA:29,1
DA:30,1
DA:33,9
DA:37,12
DA:38,10
DA:48,0
DA:52,12
DA:53,10
DA:55,7
DA:57,1
DA:59,1
DA:61,1
DA:63,0
DA:95,1
DA:96,1
DA:111,10
LF:24
LH:22
BRDA:21,0,0,0
BRDA:27,1,0,9
BRDA:27,1,1,1
BRDA:38,2,0,0
BRDA:53,3,0,7
BRDA:53,3,1,1
BRDA:53,3,2,1
BRDA:53,3,3,1
BRDA:53,3,4,0
BRDA:69,4,0,12
BRDA:86,5,0,10
BRF:11
BRH:8
end_of_record
TN:
SF:src\hooks\useTheme.ts
FN:5,(anonymous_1)
FN:8,(anonymous_2)
FN:15,(anonymous_3)
FN:18,(anonymous_4)
FN:32,(anonymous_5)
FN:34,(anonymous_6)
FNF:6
FNH:5
FNDA:16,(anonymous_1)
FNDA:6,(anonymous_2)
FNDA:14,(anonymous_3)
FNDA:14,(anonymous_4)
FNDA:0,(anonymous_5)
FNDA:7,(anonymous_6)
DA:1,1
DA:5,16
DA:6,16
DA:8,16
DA:9,6
DA:10,6
DA:11,5
DA:15,16
DA:16,14
DA:18,14
DA:19,14
DA:20,7
DA:21,7
DA:23,7
DA:27,14
DA:28,14
DA:30,14
DA:31,7
DA:32,7
DA:33,7
DA:34,7
DA:38,16
LF:22
LH:22
BRDA:10,0,0,5
BRDA:10,0,1,1
BRDA:19,1,0,7
BRDA:19,1,1,7
BRDA:20,2,0,3
BRDA:20,2,1,4
BRDA:30,3,0,7
BRDA:30,3,1,7
BRF:8
BRH:8
end_of_record
TN:
SF:src\hooks\useToast.ts
FN:12,(anonymous_1)
FN:15,(anonymous_2)
FN:30,(anonymous_3)
FN:35,(anonymous_4)
FN:36,(anonymous_5)
FN:36,(anonymous_6)
FN:39,(anonymous_7)
FN:44,(anonymous_8)
FN:48,(anonymous_9)
FN:52,(anonymous_10)
FN:56,(anonymous_11)
FNF:11
FNH:11
FNDA:16,(anonymous_1)
FNDA:10,(anonymous_2)
FNDA:10,(anonymous_3)
FNDA:1,(anonymous_4)
FNDA:1,(anonymous_5)
FNDA:1,(anonymous_6)
FNDA:1,(anonymous_7)
FNDA:2,(anonymous_8)
FNDA:1,(anonymous_9)
FNDA:1,(anonymous_10)
FNDA:1,(anonymous_11)
DA:1,1
DA:12,16
DA:13,16
DA:15,16
DA:21,10
DA:22,10
DA:30,10
DA:32,10
DA:35,16
DA:36,1
DA:39,16
DA:40,1
DA:44,16
DA:45,2
DA:48,16
DA:49,1
DA:52,16
DA:53,1
DA:56,16
DA:57,1
DA:60,16
LF:21
LH:21
BRF:0
BRH:0
end_of_record
TN:
SF:src\lib\supabaseClient.ts
FNF:0
FNH:0
DA:1,4
DA:5,4
DA:6,4
DA:8,4
DA:9,3
DA:13,1
LF:6
LH:6
BRDA:8,0,0,3
BRDA:8,0,1,1
BRDA:8,1,0,4
BRDA:8,1,1,2
BRF:4
BRH:4
end_of_record
